{"/home/runner/work/use-open-library-hook/use-open-library-hook/src/App.tsx": {"path":"/home/runner/work/use-open-library-hook/use-open-library-hook/src/App.tsx","statementMap":{"0":{"start":{"line":1,"column":0},"end":{"line":1,"column":19}},"1":{"start":{"line":2,"column":0},"end":{"line":2,"column":52}},"2":{"start":{"line":4,"column":33},"end":{"line":4,"column":55}},"3":{"start":{"line":6,"column":4},"end":{"line":8,"column":6}},"4":{"start":{"line":11,"column":0},"end":{"line":11,"column":19}}},"fnMap":{"0":{"name":"App","decl":{"start":{"line":3,"column":9},"end":{"line":3,"column":12}},"loc":{"start":{"line":3,"column":12},"end":{"line":9,"column":1}}}},"branchMap":{"0":{"loc":{"start":{"line":7,"column":40},"end":{"line":7,"column":83}},"type":"cond-expr","locations":[{"start":{"line":7,"column":52},"end":{"line":7,"column":73}},{"start":{"line":7,"column":76},"end":{"line":7,"column":83}}]}},"s":{"0":1,"1":1,"2":1,"3":1,"4":1},"f":{"0":1},"b":{"0":[0,1]}}
,"/home/runner/work/use-open-library-hook/use-open-library-hook/src/api/api.tsx": {"path":"/home/runner/work/use-open-library-hook/use-open-library-hook/src/api/api.tsx","statementMap":{"0":{"start":{"line":1,"column":21},"end":{"line":3,"column":2}},"1":{"start":{"line":5,"column":0},"end":{"line":7,"column":2}}},"fnMap":{},"branchMap":{},"s":{"0":2,"1":2},"f":{},"b":{}}
,"/home/runner/work/use-open-library-hook/use-open-library-hook/src/api/fetchIsOpenLibrary.tsx": {"path":"/home/runner/work/use-open-library-hook/use-open-library-hook/src/api/fetchIsOpenLibrary.tsx","statementMap":{"0":{"start":{"line":1,"column":0},"end":{"line":1,"column":24}},"1":{"start":{"line":3,"column":27},"end":{"line":10,"column":1}},"2":{"start":{"line":4,"column":21},"end":{"line":6,"column":6}},"3":{"start":{"line":7,"column":19},"end":{"line":7,"column":40}},"4":{"start":{"line":9,"column":4},"end":{"line":9,"column":23}},"5":{"start":{"line":12,"column":0},"end":{"line":12,"column":34}}},"fnMap":{"0":{"name":"(anonymous_1)","decl":{"start":{"line":3,"column":27},"end":{"line":3,"column":32}},"loc":{"start":{"line":3,"column":51},"end":{"line":10,"column":1}}}},"branchMap":{},"s":{"0":2,"1":2,"2":0,"3":0,"4":0,"5":2},"f":{"0":0},"b":{}}
,"/home/runner/work/use-open-library-hook/use-open-library-hook/src/hooks/useOpenLibrary.tsx": {"path":"/home/runner/work/use-open-library-hook/use-open-library-hook/src/hooks/useOpenLibrary.tsx","statementMap":{"0":{"start":{"line":1,"column":0},"end":{"line":1,"column":50}},"1":{"start":{"line":2,"column":0},"end":{"line":2,"column":59}},"2":{"start":{"line":4,"column":23},"end":{"line":44,"column":1}},"3":{"start":{"line":5,"column":30},"end":{"line":5,"column":42}},"4":{"start":{"line":6,"column":36},"end":{"line":6,"column":60}},"5":{"start":{"line":7,"column":32},"end":{"line":7,"column":56}},"6":{"start":{"line":8,"column":23},"end":{"line":8,"column":40}},"7":{"start":{"line":10,"column":22},"end":{"line":24,"column":5}},"8":{"start":{"line":11,"column":8},"end":{"line":11,"column":25}},"9":{"start":{"line":12,"column":8},"end":{"line":12,"column":24}},"10":{"start":{"line":14,"column":8},"end":{"line":23,"column":null}},"11":{"start":{"line":15,"column":27},"end":{"line":15,"column":58}},"12":{"start":{"line":17,"column":12},"end":{"line":17,"column":29}},"13":{"start":{"line":19,"column":12},"end":{"line":19,"column":27}},"14":{"start":{"line":20,"column":12},"end":{"line":20,"column":33}},"15":{"start":{"line":22,"column":12},"end":{"line":22,"column":30}},"16":{"start":{"line":26,"column":4},"end":{"line":41,"column":16}},"17":{"start":{"line":27,"column":8},"end":{"line":36,"column":null}},"18":{"start":{"line":28,"column":12},"end":{"line":28,"column":25}},"19":{"start":{"line":30,"column":12},"end":{"line":30,"column":19}},"20":{"start":{"line":32,"column":12},"end":{"line":32,"column":45}},"21":{"start":{"line":33,"column":12},"end":{"line":35,"column":20}},"22":{"start":{"line":34,"column":16},"end":{"line":34,"column":28}},"23":{"start":{"line":38,"column":8},"end":{"line":40,"column":10}},"24":{"start":{"line":39,"column":12},"end":{"line":39,"column":45}},"25":{"start":{"line":43,"column":4},"end":{"line":43,"column":41}},"26":{"start":{"line":46,"column":0},"end":{"line":46,"column":30}}},"fnMap":{"0":{"name":"(anonymous_1)","decl":{"start":{"line":4,"column":23},"end":{"line":4,"column":24}},"loc":{"start":{"line":4,"column":41},"end":{"line":44,"column":1}}},"1":{"name":"(anonymous_2)","decl":{"start":{"line":10,"column":22},"end":{"line":10,"column":27}},"loc":{"start":{"line":10,"column":33},"end":{"line":24,"column":5}}},"2":{"name":"(anonymous_3)","decl":{"start":{"line":26,"column":14},"end":{"line":26,"column":17}},"loc":{"start":{"line":26,"column":19},"end":{"line":41,"column":5}}},"3":{"name":"(anonymous_4)","decl":{"start":{"line":33,"column":44},"end":{"line":33,"column":47}},"loc":{"start":{"line":33,"column":49},"end":{"line":35,"column":13}}},"4":{"name":"(anonymous_5)","decl":{"start":{"line":38,"column":15},"end":{"line":38,"column":18}},"loc":{"start":{"line":38,"column":20},"end":{"line":40,"column":9}}}},"branchMap":{"0":{"loc":{"start":{"line":27,"column":8},"end":{"line":36,"column":null}},"type":"if","locations":[{"start":{"line":27,"column":8},"end":{"line":36,"column":null}},{"start":{"line":31,"column":15},"end":{"line":36,"column":null}}]},"1":{"loc":{"start":{"line":27,"column":12},"end":{"line":27,"column":41}},"type":"binary-expr","locations":[{"start":{"line":27,"column":12},"end":{"line":27,"column":18}},{"start":{"line":27,"column":22},"end":{"line":27,"column":41}}]}},"s":{"0":2,"1":2,"2":2,"3":9,"4":9,"5":9,"6":9,"7":9,"8":2,"9":2,"10":2,"11":2,"12":1,"13":1,"14":1,"15":2,"16":9,"17":4,"18":1,"19":1,"20":3,"21":3,"22":2,"23":3,"24":3,"25":9,"26":2},"f":{"0":9,"1":2,"2":4,"3":2,"4":3},"b":{"0":[1,3],"1":[4,3]}}
}
