TN:
SF:src/App.tsx
FN:3,App
FNF:1
FNH:1
FNDA:1,App
DA:1,1
DA:2,1
DA:4,1
DA:6,1
DA:11,1
LF:5
LH:5
BRDA:7,0,0,0
BRDA:7,0,1,1
BRF:2
BRH:1
end_of_record
TN:
SF:src/api/api.tsx
FNF:0
FNH:0
DA:1,2
DA:5,2
LF:2
LH:2
BRF:0
BRH:0
end_of_record
TN:
SF:src/api/fetchIsOpenLibrary.tsx
FN:3,(anonymous_1)
FNF:1
FNH:0
FNDA:0,(anonymous_1)
DA:1,2
DA:3,2
DA:4,0
DA:7,0
DA:9,0
DA:12,2
LF:6
LH:3
BRF:0
BRH:0
end_of_record
TN:
SF:src/hooks/useOpenLibrary.tsx
FN:4,(anonymous_1)
FN:10,(anonymous_2)
FN:26,(anonymous_3)
FN:33,(anonymous_4)
FN:38,(anonymous_5)
FNF:5
FNH:5
FNDA:9,(anonymous_1)
FNDA:2,(anonymous_2)
FNDA:4,(anonymous_3)
FNDA:2,(anonymous_4)
FNDA:3,(anonymous_5)
DA:1,2
DA:2,2
DA:4,2
DA:5,9
DA:6,9
DA:7,9
DA:8,9
DA:10,9
DA:11,2
DA:12,2
DA:14,2
DA:15,2
DA:17,1
DA:19,1
DA:20,1
DA:22,2
DA:26,9
DA:27,4
DA:28,1
DA:30,1
DA:32,3
DA:33,3
DA:34,2
DA:38,3
DA:39,3
DA:43,9
DA:46,2
LF:27
LH:27
BRDA:27,0,0,1
BRDA:27,0,1,3
BRDA:27,1,0,4
BRDA:27,1,1,3
BRF:4
BRH:4
end_of_record
