TN:
SF:src/App.tsx
FN:2,App
FNF:1
FNH:1
FNDA:1,App
DA:1,1
DA:3,1
DA:9,1
LF:3
LH:3
BRF:0
BRH:0
end_of_record
TN:
SF:src/api/api.tsx
FNF:0
FNH:0
DA:1,1
DA:5,1
LF:2
LH:2
BRF:0
BRH:0
end_of_record
TN:
SF:src/api/fetchIsOpenLibrary.tsx
FN:3,(anonymous_1)
FNF:1
FNH:0
FNDA:0,(anonymous_1)
DA:1,1
DA:3,1
DA:5,0
DA:8,0
DA:10,0
DA:13,1
LF:6
LH:3
BRF:0
BRH:0
end_of_record
TN:
SF:src/hooks/useOpenLibrary.tsx
FN:4,(anonymous_1)
FN:10,(anonymous_2)
FN:26,(anonymous_3)
FN:33,(anonymous_4)
FN:38,(anonymous_5)
FNF:5
FNH:5
FNDA:8,(anonymous_1)
FNDA:2,(anonymous_2)
FNDA:3,(anonymous_3)
FNDA:2,(anonymous_4)
FNDA:2,(anonymous_5)
DA:1,1
DA:2,1
DA:4,1
DA:5,8
DA:6,8
DA:7,8
DA:8,8
DA:10,8
DA:11,2
DA:12,2
DA:14,2
DA:15,2
DA:17,1
DA:19,1
DA:20,1
DA:22,2
DA:26,8
DA:27,3
DA:28,1
DA:30,1
DA:32,2
DA:33,2
DA:34,2
DA:38,2
DA:39,2
DA:43,8
DA:46,1
LF:27
LH:27
BRDA:27,0,0,1
BRDA:27,0,1,2
BRDA:27,1,0,3
BRDA:27,1,1,2
BRF:4
BRH:4
end_of_record
